time=2024-07-09_23:31:15 op=NEW                        
time=2024-07-09_23:31:37 op=ADD_CLIENT_LOCK             client=trustd                   count=0001 asset=b90ad64e5453ba53f58467e3db2dc8fc0f0ee842 selector=PKITrustStore|PKITrustStore|1.0.1.11.6140,0
time=2024-07-09_23:31:47 op=MOD_CLIENT_LOCK             client=trustd                   count=0002 asset=UNKNOWN                                  selector=PKITrustStore|PKITrustStore|1.0.1.11.6140,0
time=2024-07-09_23:32:02 op=ADD_CLIENT_LOCK             client=com.apple.triald         count=0001 asset=c357c24478a078a850c23b0235ec026991f45820 selector=Trial.Siri.SiriTextToSpeech|com.apple.siri.tts.resource.en_US-en_US-generic|474.0.0.11.6158,0
time=2024-07-09_23:32:02 op=MOD_CLIENT_LOCK_INHIBITED   client=com.apple.triald         count=0002 asset=UNKNOWN                                  selector=Trial.Siri.SiriTextToSpeech|com.apple.siri.tts.resource.en_US-en_US-generic|474.0.0.11.6158,0
time=2024-07-09_23:32:02 op=MOD_CLIENT_LOCK_INHIBITED   client=com.apple.triald         count=0001 asset=UNKNOWN                                  selector=Trial.Siri.SiriTextToSpeech|com.apple.siri.tts.resource.en_US-en_US-generic|474.0.0.11.6158,0
time=2024-07-09_23:32:03 op=MOD_CLIENT_LOCK_INHIBITED   client=com.apple.triald         count=0002 asset=UNKNOWN                                  selector=Trial.Siri.SiriTextToSpeech|com.apple.siri.tts.resource.en_US-en_US-generic|474.0.0.11.6158,0
time=2024-07-09_23:32:03 op=MOD_CLIENT_LOCK_INHIBITED   client=com.apple.triald         count=0003 asset=UNKNOWN                                  selector=Trial.Siri.SiriTextToSpeech|com.apple.siri.tts.resource.en_US-en_US-generic|474.0.0.11.6158,0
time=2024-07-09_23:32:03 op=MOD_CLIENT_LOCK_INHIBITED   client=com.apple.triald         count=0004 asset=UNKNOWN                                  selector=Trial.Siri.SiriTextToSpeech|com.apple.siri.tts.resource.en_US-en_US-generic|474.0.0.11.6158,0
time=2024-07-09_23:32:03 op=MOD_CLIENT_LOCK_INHIBITED   client=com.apple.triald         count=0005 asset=UNKNOWN                                  selector=Trial.Siri.SiriTextToSpeech|com.apple.siri.tts.resource.en_US-en_US-generic|474.0.0.11.6158,0
time=2024-07-09_23:32:03 op=MOD_CLIENT_LOCK_INHIBITED   client=com.apple.triald         count=0004 asset=UNKNOWN                                  selector=Trial.Siri.SiriTextToSpeech|com.apple.siri.tts.resource.en_US-en_US-generic|474.0.0.11.6158,0
time=2024-07-09_23:32:35 op=ADD_CLIENT_LOCK             client=com.apple.triald         count=0001 asset=7da20c8da4e98700e86f3681cdc24d5efa197f0c selector=Trial.Siri.SiriTextToSpeech|com.apple.siri.tts.voice.en_US.nora.neural.premium-en_US-iPhone|1889.0.0.11.5208,0
time=2024-07-09_23:32:35 op=MOD_CLIENT_LOCK_INHIBITED   client=com.apple.triald         count=0002 asset=UNKNOWN                                  selector=Trial.Siri.SiriTextToSpeech|com.apple.siri.tts.voice.en_US.nora.neural.premium-en_US-iPhone|1889.0.0.11.5208,0
time=2024-07-09_23:32:35 op=MOD_CLIENT_LOCK_INHIBITED   client=com.apple.triald         count=0001 asset=UNKNOWN                                  selector=Trial.Siri.SiriTextToSpeech|com.apple.siri.tts.voice.en_US.nora.neural.premium-en_US-iPhone|1889.0.0.11.5208,0
time=2024-07-09_23:32:35 op=MOD_CLIENT_LOCK_INHIBITED   client=com.apple.triald         count=0002 asset=UNKNOWN                                  selector=Trial.Siri.SiriTextToSpeech|com.apple.siri.tts.voice.en_US.nora.neural.premium-en_US-iPhone|1889.0.0.11.5208,0
time=2024-07-09_23:32:35 op=MOD_CLIENT_LOCK_INHIBITED   client=com.apple.triald         count=0003 asset=UNKNOWN                                  selector=Trial.Siri.SiriTextToSpeech|com.apple.siri.tts.voice.en_US.nora.neural.premium-en_US-iPhone|1889.0.0.11.5208,0
time=2024-07-09_23:32:35 op=MOD_CLIENT_LOCK_INHIBITED   client=com.apple.triald         count=0004 asset=UNKNOWN                                  selector=Trial.Siri.SiriTextToSpeech|com.apple.siri.tts.voice.en_US.nora.neural.premium-en_US-iPhone|1889.0.0.11.5208,0
time=2024-07-19_12:04:42 op=MOD_CLIENT_LOCK             client=trustd                   count=0003 asset=UNKNOWN                                  selector=PKITrustStore|PKITrustStore|1.0.1.11.6140,0
time=2024-07-19_12:05:49 op=MOD_CLIENT_LOCK_INHIBITED   client=com.apple.triald         count=0005 asset=UNKNOWN                                  selector=Trial.Siri.SiriTextToSpeech|com.apple.siri.tts.resource.en_US-en_US-generic|474.0.0.11.6158,0
time=2024-07-19_12:05:49 op=MOD_CLIENT_LOCK_INHIBITED   client=com.apple.triald         count=0004 asset=UNKNOWN                                  selector=Trial.Siri.SiriTextToSpeech|com.apple.siri.tts.resource.en_US-en_US-generic|474.0.0.11.6158,0
time=2024-07-19_12:06:55 op=ADD_CLIENT_LOCK             client=com.apple.triald         count=0001 asset=eabf4519f8bdecebebd091245f322c5da0643eeb selector=Trial.Siri.SiriTextToSpeech|com.apple.siri.tts.voice.en_US.nora.neural.premium-en_US-iPhone|1899.0.0.13.100140,0
time=2024-07-19_12:06:55 op=MOD_CLIENT_LOCK_INHIBITED   client=com.apple.triald         count=0005 asset=UNKNOWN                                  selector=Trial.Siri.SiriTextToSpeech|com.apple.siri.tts.resource.en_US-en_US-generic|474.0.0.11.6158,0
time=2024-07-19_12:06:55 op=MOD_CLIENT_LOCK_INHIBITED   client=com.apple.triald         count=0002 asset=UNKNOWN                                  selector=Trial.Siri.SiriTextToSpeech|com.apple.siri.tts.voice.en_US.nora.neural.premium-en_US-iPhone|1899.0.0.13.100140,0
time=2024-07-19_12:06:55 op=MOD_CLIENT_LOCK_INHIBITED   client=com.apple.triald         count=0001 asset=UNKNOWN                                  selector=Trial.Siri.SiriTextToSpeech|com.apple.siri.tts.voice.en_US.nora.neural.premium-en_US-iPhone|1899.0.0.13.100140,0
time=2024-07-19_12:06:55 op=MOD_CLIENT_LOCK_INHIBITED   client=com.apple.triald         count=0006 asset=UNKNOWN                                  selector=Trial.Siri.SiriTextToSpeech|com.apple.siri.tts.resource.en_US-en_US-generic|474.0.0.11.6158,0
time=2024-07-19_12:06:55 op=MOD_CLIENT_LOCK_INHIBITED   client=com.apple.triald         count=0005 asset=UNKNOWN                                  selector=Trial.Siri.SiriTextToSpeech|com.apple.siri.tts.resource.en_US-en_US-generic|474.0.0.11.6158,0
time=2024-07-19_12:06:55 op=MOD_CLIENT_LOCK_INHIBITED   client=com.apple.triald         count=0002 asset=UNKNOWN                                  selector=Trial.Siri.SiriTextToSpeech|com.apple.siri.tts.voice.en_US.nora.neural.premium-en_US-iPhone|1899.0.0.13.100140,0
time=2024-07-19_12:06:55 op=MOD_CLIENT_LOCK_INHIBITED   client=com.apple.triald         count=0006 asset=UNKNOWN                                  selector=Trial.Siri.SiriTextToSpeech|com.apple.siri.tts.resource.en_US-en_US-generic|474.0.0.11.6158,0
time=2024-07-19_12:06:55 op=MOD_CLIENT_LOCK_INHIBITED   client=com.apple.triald         count=0003 asset=UNKNOWN                                  selector=Trial.Siri.SiriTextToSpeech|com.apple.siri.tts.voice.en_US.nora.neural.premium-en_US-iPhone|1899.0.0.13.100140,0
time=2024-07-19_12:06:55 op=MOD_CLIENT_LOCK_INHIBITED   client=com.apple.triald         count=0007 asset=UNKNOWN                                  selector=Trial.Siri.SiriTextToSpeech|com.apple.siri.tts.resource.en_US-en_US-generic|474.0.0.11.6158,0
time=2024-07-19_12:06:55 op=MOD_CLIENT_LOCK_INHIBITED   client=com.apple.triald         count=0004 asset=UNKNOWN                                  selector=Trial.Siri.SiriTextToSpeech|com.apple.siri.tts.voice.en_US.nora.neural.premium-en_US-iPhone|1899.0.0.13.100140,0
time=2024-07-19_12:06:55 op=MOD_CLIENT_LOCK_INHIBITED   client=com.apple.triald         count=0008 asset=UNKNOWN                                  selector=Trial.Siri.SiriTextToSpeech|com.apple.siri.tts.resource.en_US-en_US-generic|474.0.0.11.6158,0
time=2024-07-19_13:12:42 op=ADD_CLIENT_LOCK             client=manager                  count=0001 asset=9e777e77da255fa8203c90e0c55ca0a147f1b0a3 selector=UAF.Siri.UnderstandingASRHammer|com.apple.siri.asr.hammer.en_US|3100.2001.208.100.88,0
time=2024-07-19_13:12:49 op=ADD_CLIENT_LOCK             client=manager                  count=0001 asset=883a63f589902c3634a6102cbe5b742f73a7fd06 selector=UAF.Siri.PlatformAssets|com.apple.siri.uaf.osupdates|1.0.285237800.12.1022,0
time=2024-07-19_13:12:52 op=ADD_CLIENT_LOCK             client=manager                  count=0001 asset=5af710a7743432d8168ffc72054f8d1dd9ebd035 selector=UAF.Siri.FindMyConfigurationFiles|com.apple.siri.findmy.primary_device_files|0.2.3.11.4176,0
time=2024-07-21_00:17:14 op=MOD_CLIENT_LOCK             client=trustd                   count=0004 asset=UNKNOWN                                  selector=PKITrustStore|PKITrustStore|1.0.1.11.6140,0
time=2024-07-21_00:17:21 op=ADD_CLIENT_LOCK             client=manager                  count=0001 asset=d3c852fd75df560cea211893e44c070aae0b2b5a selector=UAF.Siri.Understanding|com.apple.siri.asr.assistant.en_US|3100.3000.160.13.300097,0
time=2024-07-21_00:17:21 op=ADD_CLIENT_LOCK             client=manager                  count=0001 asset=10ff2f490a19eda52d2698480cd6e74607f98998 selector=UAF.Siri.Understanding|com.apple.siri.understanding.uaf.metadata|1.28.286538610.13.200101,0
time=2024-07-21_00:17:21 op=ADD_CLIENT_LOCK             client=manager                  count=0001 asset=316e46054ad44b9fc7641b3a099a741e09b1ff36 selector=UAF.Siri.Understanding|com.apple.siri.asr.geolm.regionMapping.en_US|3100.3000.16.13.300097,0
time=2024-07-21_00:17:31 op=MOD_CLIENT_LOCK             client=manager                  count=0002 asset=UNKNOWN                                  selector=UAF.Siri.PlatformAssets|com.apple.siri.uaf.osupdates|1.0.285237800.12.1022,0
time=2024-07-21_00:17:32 op=MOD_CLIENT_LOCK             client=com.apple.UnifiedAssetFr count=0001 asset=UNKNOWN                                  selector=UAF.Siri.PlatformAssets|com.apple.siri.uaf.osupdates|1.0.285237800.12.1022,0
time=2024-07-21_00:17:35 op=MOD_CLIENT_LOCK             client=manager                  count=0002 asset=UNKNOWN                                  selector=UAF.Siri.Understanding|com.apple.siri.asr.assistant.en_US|3100.3000.160.13.300097,0
time=2024-07-21_00:17:35 op=MOD_CLIENT_LOCK             client=manager                  count=0002 asset=UNKNOWN                                  selector=UAF.Siri.Understanding|com.apple.siri.understanding.uaf.metadata|1.28.286538610.13.200101,0
time=2024-07-21_00:17:35 op=MOD_CLIENT_LOCK             client=manager                  count=0002 asset=UNKNOWN                                  selector=UAF.Siri.Understanding|com.apple.siri.asr.geolm.regionMapping.en_US|3100.3000.16.13.300097,0
time=2024-07-21_00:17:36 op=MOD_CLIENT_LOCK             client=com.apple.UnifiedAssetFr count=0001 asset=UNKNOWN                                  selector=UAF.Siri.Understanding|com.apple.siri.asr.assistant.en_US|3100.3000.160.13.300097,0
time=2024-07-21_00:17:36 op=MOD_CLIENT_LOCK             client=com.apple.UnifiedAssetFr count=0001 asset=UNKNOWN                                  selector=UAF.Siri.Understanding|com.apple.siri.understanding.uaf.metadata|1.28.286538610.13.200101,0
time=2024-07-21_00:17:36 op=MOD_CLIENT_LOCK             client=com.apple.UnifiedAssetFr count=0001 asset=UNKNOWN                                  selector=UAF.Siri.Understanding|com.apple.siri.asr.geolm.regionMapping.en_US|3100.3000.16.13.300097,0
time=2024-07-21_00:17:37 op=MOD_CLIENT_LOCK             client=manager                  count=0002 asset=UNKNOWN                                  selector=UAF.Siri.FindMyConfigurationFiles|com.apple.siri.findmy.primary_device_files|0.2.3.11.4176,0
time=2024-07-21_00:17:38 op=MOD_CLIENT_LOCK             client=com.apple.UnifiedAssetFr count=0001 asset=UNKNOWN                                  selector=UAF.Siri.FindMyConfigurationFiles|com.apple.siri.findmy.primary_device_files|0.2.3.11.4176,0
time=2024-07-21_00:17:39 op=MOD_CLIENT_LOCK             client=manager                  count=0002 asset=UNKNOWN                                  selector=UAF.Siri.UnderstandingASRHammer|com.apple.siri.asr.hammer.en_US|3100.2001.208.100.88,0
time=2024-07-21_00:17:39 op=MOD_CLIENT_LOCK             client=com.apple.UnifiedAssetFr count=0001 asset=UNKNOWN                                  selector=UAF.Siri.UnderstandingASRHammer|com.apple.siri.asr.hammer.en_US|3100.2001.208.100.88,0
time=2024-07-21_12:17:23 op=MOD_CLIENT_LOCK             client=manager                  count=0002 asset=UNKNOWN                                  selector=UAF.Siri.PlatformAssets|com.apple.siri.uaf.osupdates|1.0.285237800.12.1022,0
time=2024-07-21_12:17:24 op=MOD_CLIENT_LOCK             client=com.apple.UnifiedAssetFr count=0001 asset=UNKNOWN                                  selector=UAF.Siri.PlatformAssets|com.apple.siri.uaf.osupdates|1.0.285237800.12.1022,0
time=2024-07-21_12:17:24 op=MOD_CLIENT_LOCK             client=manager                  count=0002 asset=UNKNOWN                                  selector=UAF.Siri.Understanding|com.apple.siri.asr.assistant.en_US|3100.3000.160.13.300097,0
time=2024-07-21_12:17:24 op=MOD_CLIENT_LOCK             client=manager                  count=0002 asset=UNKNOWN                                  selector=UAF.Siri.Understanding|com.apple.siri.understanding.uaf.metadata|1.28.286538610.13.200101,0
time=2024-07-21_12:17:24 op=MOD_CLIENT_LOCK             client=manager                  count=0002 asset=UNKNOWN                                  selector=UAF.Siri.Understanding|com.apple.siri.asr.geolm.regionMapping.en_US|3100.3000.16.13.300097,0
time=2024-07-21_12:17:26 op=MOD_CLIENT_LOCK             client=com.apple.UnifiedAssetFr count=0001 asset=UNKNOWN                                  selector=UAF.Siri.Understanding|com.apple.siri.asr.assistant.en_US|3100.3000.160.13.300097,0
time=2024-07-21_12:17:26 op=MOD_CLIENT_LOCK             client=com.apple.UnifiedAssetFr count=0001 asset=UNKNOWN                                  selector=UAF.Siri.Understanding|com.apple.siri.understanding.uaf.metadata|1.28.286538610.13.200101,0
time=2024-07-21_12:17:26 op=MOD_CLIENT_LOCK             client=com.apple.UnifiedAssetFr count=0001 asset=UNKNOWN                                  selector=UAF.Siri.Understanding|com.apple.siri.asr.geolm.regionMapping.en_US|3100.3000.16.13.300097,0
time=2024-07-21_12:17:27 op=MOD_CLIENT_LOCK             client=manager                  count=0002 asset=UNKNOWN                                  selector=UAF.Siri.FindMyConfigurationFiles|com.apple.siri.findmy.primary_device_files|0.2.3.11.4176,0
time=2024-07-21_12:17:27 op=MOD_CLIENT_LOCK             client=com.apple.UnifiedAssetFr count=0001 asset=UNKNOWN                                  selector=UAF.Siri.FindMyConfigurationFiles|com.apple.siri.findmy.primary_device_files|0.2.3.11.4176,0
time=2024-07-21_12:17:27 op=MOD_CLIENT_LOCK             client=manager                  count=0002 asset=UNKNOWN                                  selector=UAF.Siri.UnderstandingASRHammer|com.apple.siri.asr.hammer.en_US|3100.2001.208.100.88,0
time=2024-07-21_12:17:27 op=MOD_CLIENT_LOCK             client=com.apple.UnifiedAssetFr count=0001 asset=UNKNOWN                                  selector=UAF.Siri.UnderstandingASRHammer|com.apple.siri.asr.hammer.en_US|3100.2001.208.100.88,0
time=2024-07-21_12:17:36 op=DEL_CLIENT_UNLOCK_INHIBITED layer=LOCKER                    count=0004 asset=UNKNOWN                                  selector=Trial.Siri.SiriTextToSpeech|com.apple.siri.tts.voice.en_US.nora.neural.premium-en_US-iPhone|1889.0.0.11.5208,0
time=2024-07-21_12:17:37 op=MOD_CLIENT_LOCK_INHIBITED   client=com.apple.triald         count=0005 asset=UNKNOWN                                  selector=Trial.Siri.SiriTextToSpeech|com.apple.siri.tts.voice.en_US.nora.neural.premium-en_US-iPhone|1899.0.0.13.100140,0
time=2024-07-21_12:17:37 op=MOD_CLIENT_LOCK_INHIBITED   client=com.apple.triald         count=0009 asset=UNKNOWN                                  selector=Trial.Siri.SiriTextToSpeech|com.apple.siri.tts.resource.en_US-en_US-generic|474.0.0.11.6158,0
time=2024-07-21_12:17:37 op=MOD_CLIENT_LOCK_INHIBITED   client=com.apple.triald         count=0004 asset=UNKNOWN                                  selector=Trial.Siri.SiriTextToSpeech|com.apple.siri.tts.voice.en_US.nora.neural.premium-en_US-iPhone|1899.0.0.13.100140,0
time=2024-07-21_12:17:37 op=MOD_CLIENT_LOCK_INHIBITED   client=com.apple.triald         count=0008 asset=UNKNOWN                                  selector=Trial.Siri.SiriTextToSpeech|com.apple.siri.tts.resource.en_US-en_US-generic|474.0.0.11.6158,0
time=2024-07-21_12:17:38 op=MOD_CLIENT_LOCK_INHIBITED   client=com.apple.triald         count=0005 asset=UNKNOWN                                  selector=Trial.Siri.SiriTextToSpeech|com.apple.siri.tts.voice.en_US.nora.neural.premium-en_US-iPhone|1899.0.0.13.100140,0
time=2024-07-21_12:17:38 op=MOD_CLIENT_LOCK_INHIBITED   client=com.apple.triald         count=0009 asset=UNKNOWN                                  selector=Trial.Siri.SiriTextToSpeech|com.apple.siri.tts.resource.en_US-en_US-generic|474.0.0.11.6158,0
time=2024-07-21_12:17:38 op=MOD_CLIENT_LOCK_INHIBITED   client=com.apple.triald         count=0006 asset=UNKNOWN                                  selector=Trial.Siri.SiriTextToSpeech|com.apple.siri.tts.voice.en_US.nora.neural.premium-en_US-iPhone|1899.0.0.13.100140,0
time=2024-07-21_12:17:38 op=MOD_CLIENT_LOCK_INHIBITED   client=com.apple.triald         count=0005 asset=UNKNOWN                                  selector=Trial.Siri.SiriTextToSpeech|com.apple.siri.tts.voice.en_US.nora.neural.premium-en_US-iPhone|1899.0.0.13.100140,0
time=2024-07-21_12:17:38 op=MOD_CLIENT_LOCK_INHIBITED   client=com.apple.triald         count=0010 asset=UNKNOWN                                  selector=Trial.Siri.SiriTextToSpeech|com.apple.siri.tts.resource.en_US-en_US-generic|474.0.0.11.6158,0
time=2024-07-21_12:17:38 op=MOD_CLIENT_LOCK_INHIBITED   client=com.apple.triald         count=0009 asset=UNKNOWN                                  selector=Trial.Siri.SiriTextToSpeech|com.apple.siri.tts.resource.en_US-en_US-generic|474.0.0.11.6158,0
time=2024-07-21_12:17:38 op=MOD_CLIENT_LOCK_INHIBITED   client=com.apple.triald         count=0006 asset=UNKNOWN                                  selector=Trial.Siri.SiriTextToSpeech|com.apple.siri.tts.voice.en_US.nora.neural.premium-en_US-iPhone|1899.0.0.13.100140,0
time=2024-07-21_12:17:38 op=MOD_CLIENT_LOCK_INHIBITED   client=com.apple.triald         count=0010 asset=UNKNOWN                                  selector=Trial.Siri.SiriTextToSpeech|com.apple.siri.tts.resource.en_US-en_US-generic|474.0.0.11.6158,0
time=2024-07-21_12:17:38 op=MOD_CLIENT_LOCK_INHIBITED   client=com.apple.triald         count=0011 asset=UNKNOWN                                  selector=Trial.Siri.SiriTextToSpeech|com.apple.siri.tts.resource.en_US-en_US-generic|474.0.0.11.6158,0
time=2024-07-21_12:17:38 op=MOD_CLIENT_LOCK_INHIBITED   client=com.apple.triald         count=0007 asset=UNKNOWN                                  selector=Trial.Siri.SiriTextToSpeech|com.apple.siri.tts.voice.en_US.nora.neural.premium-en_US-iPhone|1899.0.0.13.100140,0
time=2024-07-21_12:17:39 op=MOD_CLIENT_LOCK_INHIBITED   client=com.apple.triald         count=0012 asset=UNKNOWN                                  selector=Trial.Siri.SiriTextToSpeech|com.apple.siri.tts.resource.en_US-en_US-generic|474.0.0.11.6158,0
time=2024-07-21_12:17:39 op=MOD_CLIENT_LOCK_INHIBITED   client=com.apple.triald         count=0008 asset=UNKNOWN                                  selector=Trial.Siri.SiriTextToSpeech|com.apple.siri.tts.voice.en_US.nora.neural.premium-en_US-iPhone|1899.0.0.13.100140,0
