time=2024-07-09_23:31:15 op=NEW                        
time=2024-07-09_23:31:34 op=ADD_AI_ROUTING_NEW_SET_JOB  layer=MANAGER                   count=0000 id=B97637A4-8E81-43A4-A692-F6ED442B84A2 set=com.apple.siri.dialog domain=com.apple.UnifiedAssetFramework
time=2024-07-09_23:31:34 op=ADD_AI_ROUTING_NEW_SET_JOB  layer=MANAGER                   count=0001 id=D642D505-FA93-4296-8E72-67CCB6D145DE set=com.apple.siri.findmy domain=com.apple.UnifiedAssetFramework
time=2024-07-09_23:31:36 op=DEL_AI_DISCOVERED_NOT_DWNLD layer=MANAGER                   count=0002 id=B97637A4-8E81-43A4-A692-F6ED442B84A2 set=com.apple.siri.dialog domain=com.apple.UnifiedAssetFramework
time=2024-07-09_23:31:42 op=ADD_AI_ROUTING_NEW_SET_JOB  layer=MANAGER                   count=0001 id=C8A5C15D-5E99-4176-B854-43B2169C6CF1 set=com.apple.siri.dialog domain=com.apple.UnifiedAssetFramework
time=2024-07-09_23:31:50 op=ADD_AI_ROUTING_NEW_SET_JOB  layer=MANAGER                   count=0002 id=E4E79685-CB9B-4D37-ABF0-BBC70170F52B set=com.apple.siri.uaf.platform domain=com.apple.UnifiedAssetFramework
time=2024-07-09_23:31:53 op=DEL_AI_DISCOVERED_NOT_DWNLD layer=MANAGER                   count=0003 id=C8A5C15D-5E99-4176-B854-43B2169C6CF1 set=com.apple.siri.dialog domain=com.apple.UnifiedAssetFramework
time=2024-07-09_23:31:53 op=ADD_AI_ROUTING_NEW_SET_JOB  layer=MANAGER                   count=0002 id=88441EE4-36F3-46AA-B708-57D97CEF3EC8 set=com.apple.siri.dialog domain=com.apple.UnifiedAssetFramework
time=2024-07-09_23:31:53 op=ADD_AI_ROUTING_NEW_SET_JOB  layer=MANAGER                   count=0003 id=581F7606-0850-4061-B40D-8AD8F4CBD564 set=com.apple.siri.understanding domain=com.apple.UnifiedAssetFramework
time=2024-07-09_23:31:53 op=ADD_AI_ROUTING_NEW_SET_JOB  layer=MANAGER                   count=0004 id=563F09BA-07ED-4424-B2EA-54CD17ED056C set=com.apple.siri.asr.hammer domain=com.apple.UnifiedAssetFramework
time=2024-07-09_23:31:54 op=DEL_AI_DISCOVERED_NOT_DWNLD layer=MANAGER                   count=0005 id=88441EE4-36F3-46AA-B708-57D97CEF3EC8 set=com.apple.siri.dialog domain=com.apple.UnifiedAssetFramework
time=2024-07-09_23:46:37 op=DEL_AI_DISCOVERED_NOT_DWNLD layer=MANAGER                   count=0004 id=D642D505-FA93-4296-8E72-67CCB6D145DE set=com.apple.siri.findmy domain=com.apple.UnifiedAssetFramework
time=2024-07-09_23:46:55 op=DEL_AI_DISCOVERED_NOT_DWNLD layer=MANAGER                   count=0003 id=563F09BA-07ED-4424-B2EA-54CD17ED056C set=com.apple.siri.asr.hammer domain=com.apple.UnifiedAssetFramework
time=2024-07-09_23:46:55 op=DEL_AI_DISCOVERED_NOT_DWNLD layer=MANAGER                   count=0002 id=E4E79685-CB9B-4D37-ABF0-BBC70170F52B set=com.apple.siri.uaf.platform domain=com.apple.UnifiedAssetFramework
time=2024-07-19_12:04:42 op=DEL_AI_CROSS_CHECK_TRIM     layer=MANAGER                   count=0001 id=581F7606-0850-4061-B40D-8AD8F4CBD564 set=com.apple.siri.understanding domain=com.apple.UnifiedAssetFramework
time=2024-07-19_12:05:06 op=ADD_AI_ROUTING_NEW_SET_JOB  layer=MANAGER                   count=0000 id=6D019D51-B4D5-4C03-9A9E-818CFAE596FB set=com.apple.siri.dialog domain=com.apple.UnifiedAssetFramework
time=2024-07-19_12:05:09 op=ADD_AI_ROUTING_NEW_SET_JOB  layer=MANAGER                   count=0001 id=260B554E-0E9C-4942-84C2-EA31912D472F set=com.apple.siri.uaf.platform domain=com.apple.UnifiedAssetFramework
time=2024-07-19_12:05:12 op=ADD_AI_ROUTING_NEW_SET_JOB  layer=MANAGER                   count=0002 id=9F178073-A9D1-4882-A9B9-EB0AF336AA65 set=com.apple.siri.understanding domain=com.apple.UnifiedAssetFramework
time=2024-07-19_12:05:14 op=ADD_AI_ROUTING_NEW_SET_JOB  layer=MANAGER                   count=0003 id=BDE797F9-7E3A-4DBA-A8EE-3C13693ED1CE set=com.apple.siri.findmy domain=com.apple.UnifiedAssetFramework
time=2024-07-19_12:05:17 op=ADD_AI_ROUTING_NEW_SET_JOB  layer=MANAGER                   count=0004 id=90A5B261-FB51-4ED4-B419-951D66F030A2 set=com.apple.siri.asr.hammer domain=com.apple.UnifiedAssetFramework
time=2024-07-19_12:05:26 op=DEL_AI_DISCOVERED_NOT_DWNLD layer=MANAGER                   count=0005 id=6D019D51-B4D5-4C03-9A9E-818CFAE596FB set=com.apple.siri.dialog domain=com.apple.UnifiedAssetFramework
time=2024-07-19_12:05:26 op=ADD_AI_ROUTING_NEW_SET_JOB  layer=MANAGER                   count=0004 id=526F3589-B56C-4403-B9F6-AEA79165F26D set=com.apple.siri.dialog domain=com.apple.UnifiedAssetFramework
time=2024-07-19_12:05:29 op=DEL_AI_DISCOVERED_NOT_DWNLD layer=MANAGER                   count=0005 id=526F3589-B56C-4403-B9F6-AEA79165F26D set=com.apple.siri.dialog domain=com.apple.UnifiedAssetFramework
time=2024-07-19_12:05:29 op=ADD_AI_ROUTING_NEW_SET_JOB  layer=MANAGER                   count=0004 id=5FED4D2E-651D-44D8-9DE1-D38C065E70D1 set=com.apple.siri.dialog domain=com.apple.UnifiedAssetFramework
time=2024-07-19_12:05:29 op=DEL_CLIENT_ELIMINATE        layer=MANAGER                   count=0005 id=9F178073-A9D1-4882-A9B9-EB0AF336AA65 set=com.apple.siri.understanding domain=com.apple.UnifiedAssetFramework
time=2024-07-19_12:05:29 op=DEL_CLIENT_ELIMINATE        layer=MANAGER                   count=0004 id=90A5B261-FB51-4ED4-B419-951D66F030A2 set=com.apple.siri.asr.hammer domain=com.apple.UnifiedAssetFramework
time=2024-07-19_12:05:29 op=DEL_AI_DISCOVERED_NOT_DWNLD layer=MANAGER                   count=0003 id=5FED4D2E-651D-44D8-9DE1-D38C065E70D1 set=com.apple.siri.dialog domain=com.apple.UnifiedAssetFramework
time=2024-07-19_12:05:45 op=ADD_AI_ROUTING_NEW_SET_JOB  layer=MANAGER                   count=0002 id=803A5FCF-01C9-42EE-A28E-E00ED378CB38 set=com.apple.siri.dialog domain=com.apple.UnifiedAssetFramework
time=2024-07-19_12:05:46 op=DEL_AI_DISCOVERED_NOT_DWNLD layer=MANAGER                   count=0003 id=803A5FCF-01C9-42EE-A28E-E00ED378CB38 set=com.apple.siri.dialog domain=com.apple.UnifiedAssetFramework
time=2024-07-19_12:30:42 op=DEL_AI_DISCOVERED_NOT_DWNLD layer=MANAGER                   count=0002 id=260B554E-0E9C-4942-84C2-EA31912D472F set=com.apple.siri.uaf.platform domain=com.apple.UnifiedAssetFramework
time=2024-07-19_12:30:42 op=DEL_AI_DISCOVERED_NOT_DWNLD layer=MANAGER                   count=0001 id=BDE797F9-7E3A-4DBA-A8EE-3C13693ED1CE set=com.apple.siri.findmy domain=com.apple.UnifiedAssetFramework
time=2024-07-19_12:57:20 op=PRG_ENTRY_DOWNLOADED        layer=JOB                       count=0000 id=9F178073-A9D1-4882-A9B9-EB0AF336AA65 set=com.apple.siri.understanding domain=com.apple.UnifiedAssetFramework
time=2024-07-19_12:57:22 op=PRG_ENTRY_DOWNLOADED        layer=JOB                       count=0000 id=9F178073-A9D1-4882-A9B9-EB0AF336AA65 set=com.apple.siri.understanding domain=com.apple.UnifiedAssetFramework
time=2024-07-19_12:57:22 op=PRG_ENTRY_DOWNLOADED        layer=JOB                       count=0000 id=9F178073-A9D1-4882-A9B9-EB0AF336AA65 set=com.apple.siri.understanding domain=com.apple.UnifiedAssetFramework
time=2024-07-19_13:12:38 op=ADD_AI_SCHEDULER_TRIGGERED  layer=MANAGER                   count=0000 id=96D8EE54-BB13-4DC7-B55F-261DAB04EB19 set=com.apple.siri.asr.hammer domain=com.apple.UnifiedAssetFramework
time=2024-07-19_13:12:42 op=PRG_ENTRY_DOWNLOADED        layer=JOB                       count=0000 id=96D8EE54-BB13-4DC7-B55F-261DAB04EB19 set=com.apple.siri.asr.hammer domain=com.apple.UnifiedAssetFramework
time=2024-07-19_13:12:42 op=ADD_SD_DOWNLOADED_OR_SAME   layer=MANAGER                   count=0002 id=96D8EE54-BB13-4DC7-B55F-261DAB04EB19 set=com.apple.siri.asr.hammer domain=com.apple.UnifiedAssetFramework
time=2024-07-19_13:12:42 op=ADD_AI_SCHEDULER_TRIGGERED  layer=MANAGER                   count=0001 id=7C8B700D-9B1D-4163-9F00-15778BA63AB0 set=com.apple.siri.uaf.platform domain=com.apple.UnifiedAssetFramework
time=2024-07-19_13:12:48 op=PRG_ENTRY_DOWNLOADED        layer=JOB                       count=0000 id=7C8B700D-9B1D-4163-9F00-15778BA63AB0 set=com.apple.siri.uaf.platform domain=com.apple.UnifiedAssetFramework
time=2024-07-19_13:12:48 op=ADD_SD_DOWNLOADED_OR_SAME   layer=MANAGER                   count=0003 id=7C8B700D-9B1D-4163-9F00-15778BA63AB0 set=com.apple.siri.uaf.platform domain=com.apple.UnifiedAssetFramework
time=2024-07-19_13:12:49 op=ADD_AI_SCHEDULER_TRIGGERED  layer=MANAGER                   count=0002 id=2BEA9371-DE53-4267-95F4-F901323B853D set=com.apple.siri.findmy domain=com.apple.UnifiedAssetFramework
time=2024-07-19_13:12:52 op=PRG_ENTRY_DOWNLOADED        layer=JOB                       count=0000 id=2BEA9371-DE53-4267-95F4-F901323B853D set=com.apple.siri.findmy domain=com.apple.UnifiedAssetFramework
time=2024-07-19_13:12:52 op=ADD_SD_DOWNLOADED_OR_SAME   layer=MANAGER                   count=0004 id=2BEA9371-DE53-4267-95F4-F901323B853D set=com.apple.siri.findmy domain=com.apple.UnifiedAssetFramework
time=2024-07-21_00:17:14 op=PRG_ENTRY_DOWNLOADED        layer=MANAGER                   count=0003 id=9F178073-A9D1-4882-A9B9-EB0AF336AA65 set=com.apple.siri.understanding domain=com.apple.UnifiedAssetFramework
time=2024-07-21_00:17:14 op=PRG_ENTRY_DOWNLOADED        layer=MANAGER                   count=0001 id=96D8EE54-BB13-4DC7-B55F-261DAB04EB19 set=com.apple.siri.asr.hammer domain=com.apple.UnifiedAssetFramework
time=2024-07-21_00:17:14 op=PRG_ENTRY_DOWNLOADED        layer=MANAGER                   count=0001 id=7C8B700D-9B1D-4163-9F00-15778BA63AB0 set=com.apple.siri.uaf.platform domain=com.apple.UnifiedAssetFramework
time=2024-07-21_00:17:14 op=PRG_ENTRY_DOWNLOADED        layer=MANAGER                   count=0001 id=2BEA9371-DE53-4267-95F4-F901323B853D set=com.apple.siri.findmy domain=com.apple.UnifiedAssetFramework
time=2024-07-21_00:17:14 op=DEL_SD_ELIMINATE_DROP_MATCH layer=MANAGER                   count=0003 id=9F178073-A9D1-4882-A9B9-EB0AF336AA65 set=com.apple.siri.understanding domain=com.apple.UnifiedAssetFramework
time=2024-07-21_00:17:15 op=ADD_AI_ROUTING_NEW_SET_JOB  layer=MANAGER                   count=0003 id=4500EA92-AC6D-4D78-A179-063E63F0F4A3 set=com.apple.siri.dialog domain=com.apple.UnifiedAssetFramework
time=2024-07-21_00:17:15 op=ADD_AI_ROUTING_NEW_SET_JOB  layer=MANAGER                   count=0004 id=82B76077-BE71-48DD-BAEA-56D0113B6459 set=com.apple.siri.understanding domain=com.apple.UnifiedAssetFramework
time=2024-07-21_00:17:17 op=ADD_SD_DOWNLOADED_OR_SAME   layer=MANAGER                   count=0004 id=82B76077-BE71-48DD-BAEA-56D0113B6459 set=com.apple.siri.understanding domain=com.apple.UnifiedAssetFramework
time=2024-07-21_00:17:17 op=DEL_AI_DISCOVERED_NOT_DWNLD layer=MANAGER                   count=0005 id=4500EA92-AC6D-4D78-A179-063E63F0F4A3 set=com.apple.siri.dialog domain=com.apple.UnifiedAssetFramework
time=2024-07-21_00:17:30 op=ADD_AI_ROUTING_NEW_SET_JOB  layer=MANAGER                   count=0004 id=D86492F5-F16E-479B-BEC3-1923C9E9A1FB set=com.apple.siri.dialog domain=com.apple.UnifiedAssetFramework
time=2024-07-21_00:17:42 op=DEL_AI_DISCOVERED_NOT_DWNLD layer=MANAGER                   count=0005 id=D86492F5-F16E-479B-BEC3-1923C9E9A1FB set=com.apple.siri.dialog domain=com.apple.UnifiedAssetFramework
time=2024-07-21_00:47:15 op=ADD_AI_SCHEDULER_TRIGGERED  layer=MANAGER                   count=0004 id=CC11FAB4-8CAE-411D-8265-65F584663E03 set=com.apple.siri.findmy domain=com.apple.UnifiedAssetFramework
time=2024-07-21_00:47:16 op=DEL_AI_RMV_CURRENT_SET_JOB  layer=MANAGER                   count=0005 id=CC11FAB4-8CAE-411D-8265-65F584663E03 set=com.apple.siri.findmy domain=com.apple.UnifiedAssetFramework
time=2024-07-21_00:47:16 op=ADD_AI_SCHEDULER_TRIGGERED  layer=MANAGER                   count=0004 id=646572AB-DDAC-4011-9698-E11B178AC465 set=com.apple.siri.uaf.platform domain=com.apple.UnifiedAssetFramework
time=2024-07-21_00:47:17 op=DEL_AI_RMV_CURRENT_SET_JOB  layer=MANAGER                   count=0005 id=646572AB-DDAC-4011-9698-E11B178AC465 set=com.apple.siri.uaf.platform domain=com.apple.UnifiedAssetFramework
time=2024-07-21_00:47:17 op=ADD_AI_SCHEDULER_TRIGGERED  layer=MANAGER                   count=0004 id=72753B15-3C5B-4598-B858-9E34A28C6C23 set=com.apple.siri.understanding domain=com.apple.UnifiedAssetFramework
time=2024-07-21_00:47:17 op=DEL_AI_RMV_CURRENT_SET_JOB  layer=MANAGER                   count=0005 id=72753B15-3C5B-4598-B858-9E34A28C6C23 set=com.apple.siri.understanding domain=com.apple.UnifiedAssetFramework
time=2024-07-21_00:47:17 op=ADD_AI_SCHEDULER_TRIGGERED  layer=MANAGER                   count=0004 id=FC63A340-14AD-4A26-9041-75A612B6A74D set=com.apple.siri.asr.hammer domain=com.apple.UnifiedAssetFramework
time=2024-07-21_00:47:18 op=DEL_AI_RMV_CURRENT_SET_JOB  layer=MANAGER                   count=0005 id=FC63A340-14AD-4A26-9041-75A612B6A74D set=com.apple.siri.asr.hammer domain=com.apple.UnifiedAssetFramework
time=2024-07-21_12:17:22 op=ADD_AI_ROUTING_NEW_SET_JOB  layer=MANAGER                   count=0004 id=0953DDF6-EDC2-409D-9837-948FCECCC8A3 set=com.apple.siri.dialog domain=com.apple.UnifiedAssetFramework
time=2024-07-21_12:17:30 op=DEL_AI_DISCOVERED_NOT_DWNLD layer=MANAGER                   count=0005 id=0953DDF6-EDC2-409D-9837-948FCECCC8A3 set=com.apple.siri.dialog domain=com.apple.UnifiedAssetFramework
time=2024-07-21_22:17:22 op=ADD_AI_SCHEDULER_TRIGGERED  layer=MANAGER                   count=0004 id=1D4BAEE9-0EC1-424D-A2CA-7559088365D0 set=com.apple.siri.dialog domain=com.apple.UnifiedAssetFramework
time=2024-07-21_22:17:23 op=DEL_AI_RMV_CURRENT_SET_JOB  layer=MANAGER                   count=0005 id=1D4BAEE9-0EC1-424D-A2CA-7559088365D0 set=com.apple.siri.dialog domain=com.apple.UnifiedAssetFramework
time=2024-07-21_22:17:23 op=ADD_AI_SCHEDULER_TRIGGERED  layer=MANAGER                   count=0004 id=276F26A7-B8C0-4BDF-940E-64757DBEF7D6 set=com.apple.siri.findmy domain=com.apple.UnifiedAssetFramework
time=2024-07-21_22:17:24 op=DEL_AI_RMV_CURRENT_SET_JOB  layer=MANAGER                   count=0005 id=276F26A7-B8C0-4BDF-940E-64757DBEF7D6 set=com.apple.siri.findmy domain=com.apple.UnifiedAssetFramework
time=2024-07-21_22:17:24 op=ADD_AI_SCHEDULER_TRIGGERED  layer=MANAGER                   count=0004 id=B04F495F-54CA-411F-BF10-B512F7ADF1AF set=com.apple.siri.uaf.platform domain=com.apple.UnifiedAssetFramework
time=2024-07-21_22:17:25 op=DEL_AI_RMV_CURRENT_SET_JOB  layer=MANAGER                   count=0005 id=B04F495F-54CA-411F-BF10-B512F7ADF1AF set=com.apple.siri.uaf.platform domain=com.apple.UnifiedAssetFramework
time=2024-07-21_22:17:25 op=ADD_AI_SCHEDULER_TRIGGERED  layer=MANAGER                   count=0004 id=DA8024A4-D4DC-4A8A-814C-B05BD12D8564 set=com.apple.siri.understanding domain=com.apple.UnifiedAssetFramework
time=2024-07-21_22:17:25 op=DEL_AI_RMV_CURRENT_SET_JOB  layer=MANAGER                   count=0005 id=DA8024A4-D4DC-4A8A-814C-B05BD12D8564 set=com.apple.siri.understanding domain=com.apple.UnifiedAssetFramework
time=2024-07-21_22:17:25 op=ADD_AI_SCHEDULER_TRIGGERED  layer=MANAGER                   count=0004 id=6D225491-2768-4D97-9118-EB64EC40326C set=com.apple.siri.asr.hammer domain=com.apple.UnifiedAssetFramework
time=2024-07-21_22:17:26 op=DEL_AI_RMV_CURRENT_SET_JOB  layer=MANAGER                   count=0005 id=6D225491-2768-4D97-9118-EB64EC40326C set=com.apple.siri.asr.hammer domain=com.apple.UnifiedAssetFramework
